<?xml version='1.0' encoding='UTF-8'?>
<testsuite hostname="DESKTOP-RL9FEGT" name="Q_table" tests="1" errors="0" failures="0" skipped="0" time="2.015" timestamp="2021-01-16T00:41:25">
                     <properties>
[...]
</properties>
                     <testcase classname="Q_table" name="WaveformCounter should pass" time="2.015">
                                                 
                                               </testcase>
                     <system-out><![CDATA[]]></system-out>
                     <system-err><![CDATA[]]></system-err>
                   </testsuite>